c:\users\k1llr34l\desktop\misc\учеба\c++\oop\lab6\object2\x64\debug\vc143.pdb
c:\users\k1llr34l\desktop\misc\учеба\c++\oop\lab6\object2\x64\debug\vc143.idb
c:\users\k1llr34l\desktop\misc\учеба\c++\oop\lab6\object2\x64\debug\matrix_build.obj
c:\users\k1llr34l\desktop\misc\учеба\c++\oop\lab6\object2\x64\debug\object2.obj
c:\users\k1llr34l\desktop\misc\учеба\c++\oop\lab6\x64\debug\object2.exe
c:\users\k1llr34l\desktop\misc\учеба\c++\oop\lab6\object2\x64\debug\object2.ilk
c:\users\k1llr34l\desktop\misc\учеба\c++\oop\lab6\x64\debug\object2.pdb
c:\users\k1llr34l\desktop\misc\учеба\c++\oop\lab6\object2\x64\debug\object2.res
c:\users\k1llr34l\desktop\misc\учеба\c++\oop\lab6\object2\x64\debug\nativecodeanalysis.read.1.tlog
c:\users\k1llr34l\desktop\misc\учеба\c++\oop\lab6\object2\x64\debug\object2.nativecodeanalysis.xml
c:\users\k1llr34l\desktop\misc\учеба\c++\oop\lab6\object2\x64\debug\vc.nativecodeanalysis.all.xml
c:\users\k1llr34l\desktop\misc\учеба\c++\oop\lab6\object2\x64\debug\object2.tlog\cl.command.1.tlog
c:\users\k1llr34l\desktop\misc\учеба\c++\oop\lab6\object2\x64\debug\object2.tlog\cl.read.1.tlog
c:\users\k1llr34l\desktop\misc\учеба\c++\oop\lab6\object2\x64\debug\object2.tlog\cl.write.1.tlog
c:\users\k1llr34l\desktop\misc\учеба\c++\oop\lab6\object2\x64\debug\object2.tlog\link.command.1.tlog
c:\users\k1llr34l\desktop\misc\учеба\c++\oop\lab6\object2\x64\debug\object2.tlog\link.read.1.tlog
c:\users\k1llr34l\desktop\misc\учеба\c++\oop\lab6\object2\x64\debug\object2.tlog\link.write.1.tlog
c:\users\k1llr34l\desktop\misc\учеба\c++\oop\lab6\object2\x64\debug\object2.tlog\rc.command.1.tlog
c:\users\k1llr34l\desktop\misc\учеба\c++\oop\lab6\object2\x64\debug\object2.tlog\rc.read.1.tlog
c:\users\k1llr34l\desktop\misc\учеба\c++\oop\lab6\object2\x64\debug\object2.tlog\rc.write.1.tlog
